SF:lib\features\auth\presentation\pages\login_page.dart
DA:16,3
DA:18,1
DA:19,1
DA:28,1
DA:30,1
DA:31,3
DA:33,3
DA:34,0
DA:35,0
DA:37,0
DA:42,0
DA:43,0
DA:50,0
DA:51,0
DA:53,0
DA:55,0
DA:56,0
DA:58,0
DA:65,1
DA:66,1
DA:67,1
DA:68,1
DA:69,1
DA:71,1
DA:72,1
DA:73,1
DA:76,1
DA:78,3
DA:80,2
DA:85,1
DA:87,3
DA:88,3
DA:94,1
DA:95,1
DA:96,1
DA:97,1
DA:98,1
DA:99,1
DA:102,1
DA:103,1
DA:104,1
DA:107,2
DA:114,1
DA:115,1
DA:118,1
DA:119,1
DA:120,1
DA:121,1
DA:122,1
DA:125,2
DA:127,0
DA:128,0
DA:129,0
DA:133,1
DA:134,1
DA:137,2
DA:148,1
DA:149,4
DA:151,1
DA:152,1
DA:153,3
DA:154,0
DA:155,0
DA:156,0
DA:160,2
DA:167,1
DA:168,0
DA:169,0
DA:171,0
DA:172,0
DA:176,1
DA:177,1
DA:179,3
DA:180,2
DA:182,1
DA:183,1
DA:185,3
DA:188,2
LF:78
LH:57
end_of_record
SF:lib\core\services\hive\hive_service.dart
DA:11,9
DA:12,0
DA:16,0
DA:17,0
DA:18,0
DA:19,0
DA:21,0
DA:22,0
DA:25,0
DA:26,0
DA:27,0
DA:29,0
DA:30,0
DA:32,0
DA:33,0
DA:35,0
DA:36,0
DA:40,0
DA:41,0
DA:42,0
DA:43,0
DA:46,0
DA:47,0
DA:50,0
DA:51,0
DA:53,0
DA:54,0
DA:55,0
DA:57,0
DA:61,0
DA:63,0
DA:64,0
DA:70,0
DA:71,0
DA:72,0
DA:78,0
DA:80,0
DA:81,0
DA:87,0
DA:88,0
DA:89,0
DA:90,0
DA:91,0
DA:92,0
DA:99,0
DA:100,0
DA:101,0
DA:102,0
DA:106,0
DA:107,0
DA:109,0
DA:110,0
DA:111,0
DA:113,0
DA:117,0
DA:118,0
DA:119,0
DA:120,0
DA:126,0
DA:127,0
DA:129,0
DA:130,0
DA:132,0
DA:133,0
DA:135,0
DA:136,0
DA:137,0
DA:139,0
DA:143,0
DA:144,0
DA:145,0
DA:146,0
DA:152,0
DA:153,0
DA:155,0
LF:75
LH:1
end_of_record
SF:lib\core\services\storage\user_session_service.dart
DA:6,9
DA:8,0
DA:11,9
DA:12,0
DA:13,0
DA:21,0
DA:27,0
DA:32,0
DA:33,0
DA:34,0
DA:35,0
DA:39,0
DA:40,0
DA:41,0
DA:42,0
DA:43,0
DA:47,0
DA:48,0
DA:49,0
DA:50,0
DA:51,0
DA:69,3
DA:72,0
DA:73,0
DA:74,0
DA:75,0
DA:76,0
DA:80,0
DA:83,0
DA:84,0
DA:85,0
DA:86,0
DA:92,0
DA:96,0
DA:97,0
DA:100,0
DA:103,0
DA:104,0
DA:107,0
DA:109,0
DA:110,0
DA:114,0
DA:115,0
DA:119,0
DA:120,0
DA:121,0
DA:126,0
DA:127,0
DA:128,0
DA:129,0
DA:130,0
DA:131,0
DA:132,0
LF:53
LH:3
end_of_record
SF:lib\core\api\api_client.dart
DA:11,8
DA:12,2
DA:18,2
DA:19,4
DA:20,2
DA:24,2
DA:32,8
DA:35,6
DA:36,2
DA:37,2
DA:44,0
DA:46,0
DA:47,0
DA:48,0
DA:49,0
DA:56,6
DA:57,2
DA:69,4
DA:72,0
DA:77,0
DA:81,0
DA:87,0
DA:96,0
DA:102,0
DA:111,0
DA:117,0
DA:126,0
DA:132,0
DA:146,0
DA:152,0
DA:159,0
DA:162,0
DA:164,0
DA:168,0
DA:171,0
DA:174,0
DA:175,0
DA:178,0
LF:38
LH:13
end_of_record
SF:lib\core\api\api_endpoints.dart
DA:3,0
DA:22,0
DA:23,0
DA:25,0
DA:27,0
LF:5
LH:0
end_of_record
SF:lib\core\constants\hive_table_constants.dart
DA:2,0
LF:1
LH:0
end_of_record
SF:lib\core\error\failures.dart
DA:5,3
DA:7,0
DA:8,0
DA:14,3
DA:16,3
DA:23,6
DA:24,0
DA:25,0
LF:8
LH:4
end_of_record
SF:lib\core\providers\dio_providor.dart
DA:6,0
DA:7,0
DA:8,0
DA:13,0
DA:15,0
DA:21,0
DA:22,0
DA:23,0
DA:25,0
DA:26,0
DA:28,0
DA:29,0
DA:32,0
DA:34,0
DA:36,0
DA:38,0
DA:43,0
DA:45,0
DA:48,0
DA:54,0
DA:55,0
DA:62,0
LF:22
LH:0
end_of_record
SF:lib\core\providers\theme_provider.dart
DA:7,0
DA:12,0
DA:15,0
DA:16,0
DA:17,0
DA:21,0
DA:22,0
DA:23,0
DA:24,0
DA:27,0
DA:28,0
DA:29,0
DA:31,0
DA:35,0
DA:37,0
DA:39,0
DA:41,0
DA:49,0
DA:51,0
DA:53,0
LF:20
LH:0
end_of_record
SF:lib\core\services\connectivity\network_info.dart
DA:10,8
DA:11,4
DA:17,2
DA:18,0
DA:20,0
DA:21,0
DA:24,0
DA:28,0
DA:30,0
DA:31,0
DA:32,0
LF:11
LH:3
end_of_record
SF:lib\features\auth\data\models\auth_hive_model.dart
DA:31,0
DA:38,0
DA:40,0
DA:41,0
DA:42,0
DA:43,0
DA:45,0
DA:46,0
DA:47,0
DA:48,0
DA:52,0
DA:53,0
DA:54,0
DA:55,0
DA:56,0
DA:57,0
DA:58,0
DA:59,0
DA:61,0
DA:62,0
LF:20
LH:0
end_of_record
SF:lib\features\auth\data\models\auth_hive_model.g.dart
DA:13,0
DA:15,0
DA:16,0
DA:17,0
DA:19,0
DA:20,0
DA:21,0
DA:22,0
DA:23,0
DA:24,0
DA:25,0
DA:29,0
DA:32,0
DA:33,0
DA:34,0
DA:35,0
DA:36,0
DA:37,0
DA:38,0
DA:39,0
DA:40,0
DA:41,0
DA:42,0
DA:43,0
DA:44,0
DA:47,0
DA:48,0
DA:50,0
DA:53,0
DA:54,0
DA:55,0
LF:31
LH:0
end_of_record
SF:lib\features\auth\data\models\consumer_hive_model.dart
DA:34,0
DA:43,0
DA:45,0
DA:46,0
DA:47,0
DA:48,0
DA:49,0
DA:50,0
DA:51,0
DA:52,0
DA:53,0
DA:54,0
DA:58,0
DA:59,0
DA:60,0
DA:61,0
DA:62,0
DA:63,0
DA:64,0
DA:65,0
DA:66,0
DA:67,0
LF:22
LH:0
end_of_record
SF:lib\features\auth\data\models\consumer_hive_model.g.dart
DA:13,0
DA:15,0
DA:16,0
DA:17,0
DA:19,0
DA:20,0
DA:21,0
DA:22,0
DA:23,0
DA:24,0
DA:25,0
DA:26,0
DA:27,0
DA:31,0
DA:34,0
DA:35,0
DA:36,0
DA:37,0
DA:38,0
DA:39,0
DA:40,0
DA:41,0
DA:42,0
DA:43,0
DA:44,0
DA:45,0
DA:46,0
DA:47,0
DA:48,0
DA:49,0
DA:50,0
DA:53,0
DA:54,0
DA:56,0
DA:59,0
DA:60,0
DA:61,0
LF:37
LH:0
end_of_record
SF:lib\features\auth\data\models\retailer_hive_model.g.dart
DA:13,0
DA:15,0
DA:16,0
DA:17,0
DA:19,0
DA:20,0
DA:21,0
DA:22,0
DA:23,0
DA:24,0
DA:25,0
DA:26,0
DA:27,0
DA:31,0
DA:34,0
DA:35,0
DA:36,0
DA:37,0
DA:38,0
DA:39,0
DA:40,0
DA:41,0
DA:42,0
DA:43,0
DA:44,0
DA:45,0
DA:46,0
DA:47,0
DA:48,0
DA:49,0
DA:50,0
DA:53,0
DA:54,0
DA:56,0
DA:59,0
DA:60,0
DA:61,0
LF:37
LH:0
end_of_record
SF:lib\features\auth\data\models\retailer_hive_model.dart
DA:34,0
DA:43,0
DA:45,0
DA:46,0
DA:47,0
DA:48,0
DA:49,0
DA:50,0
DA:51,0
DA:52,0
DA:53,0
DA:54,0
DA:58,0
DA:59,0
DA:60,0
DA:61,0
DA:62,0
DA:63,0
DA:64,0
DA:65,0
DA:66,0
DA:67,0
LF:22
LH:0
end_of_record
SF:lib\features\auth\data\models\user_type.g.dart
DA:13,0
DA:15,0
DA:16,0
DA:18,0
DA:20,0
DA:27,0
DA:30,0
DA:31,0
DA:33,0
DA:34,0
DA:36,0
DA:37,0
DA:42,0
DA:43,0
DA:45,0
DA:48,0
DA:49,0
DA:50,0
LF:18
LH:0
end_of_record
SF:lib\core\utils\show_my_snack_bar.dart
DA:5,0
DA:10,0
DA:17,0
DA:18,0
DA:19,0
DA:21,0
DA:22,0
DA:23,0
DA:25,0
DA:26,0
DA:27,0
DA:31,0
DA:32,0
DA:33,0
DA:35,0
LF:15
LH:0
end_of_record
SF:lib\core\widgets\followers_card.dart
DA:12,0
DA:22,0
DA:23,0
DA:24,0
DA:31,0
DA:32,0
DA:33,0
DA:34,0
DA:38,0
DA:39,0
DA:50,0
DA:52,0
DA:54,0
DA:55,0
DA:56,0
DA:59,0
DA:60,0
DA:62,0
DA:63,0
DA:64,0
DA:66,0
DA:67,0
DA:69,0
DA:70,0
DA:71,0
DA:72,0
DA:75,0
DA:78,0
DA:79,0
DA:80,0
DA:82,0
DA:88,0
DA:90,0
DA:91,0
DA:92,0
LF:35
LH:0
end_of_record
SF:lib\core\widgets\my_button.dart
DA:7,3
DA:15,3
DA:17,3
DA:18,3
DA:19,6
LF:5
LH:5
end_of_record
SF:lib\core\widgets\my_dropdown_form_field.dart
DA:11,2
DA:21,2
DA:23,2
DA:25,2
DA:26,2
DA:27,2
DA:28,2
DA:29,6
DA:30,6
DA:32,8
DA:34,4
DA:35,4
DA:37,2
DA:38,2
DA:39,2
DA:40,2
DA:44,2
DA:45,2
DA:46,2
DA:47,4
DA:51,2
DA:52,2
DA:53,2
DA:54,4
DA:58,2
DA:59,2
DA:60,2
DA:61,4
DA:66,4
DA:67,0
DA:68,4
DA:69,4
DA:70,6
DA:71,4
DA:73,6
DA:74,2
DA:76,2
DA:78,6
DA:79,4
DA:83,2
DA:84,2
DA:85,2
DA:86,0
DA:87,0
DA:88,0
LF:45
LH:41
end_of_record
SF:lib\core\widgets\my_logo.dart
DA:7,3
DA:13,3
DA:15,3
DA:17,3
DA:18,3
DA:19,3
DA:20,3
DA:21,3
DA:23,6
DA:25,6
DA:27,3
DA:28,6
DA:29,3
LF:13
LH:13
end_of_record
SF:lib\core\widgets\my_sentiment_card.dart
DA:14,0
DA:27,0
DA:28,0
DA:36,0
DA:38,0
DA:39,0
DA:40,0
DA:41,0
DA:44,0
DA:45,0
DA:46,0
DA:50,0
DA:51,0
DA:52,0
DA:53,0
DA:57,0
DA:58,0
DA:63,0
DA:65,0
DA:67,0
DA:69,0
DA:72,0
DA:74,0
DA:76,0
DA:77,0
DA:78,0
DA:81,0
DA:82,0
DA:84,0
DA:92,0
DA:95,0
DA:96,0
DA:97,0
DA:98,0
DA:99,0
DA:100,0
DA:101,0
DA:103,0
DA:104,0
DA:105,0
DA:114,0
DA:116,0
DA:117,0
DA:118,0
DA:120,0
DA:123,0
DA:124,0
DA:125,0
DA:127,0
DA:135,0
DA:137,0
DA:138,0
DA:139,0
DA:140,0
DA:146,0
DA:148,0
DA:151,0
DA:152,0
DA:153,0
DA:154,0
DA:159,0
DA:160,0
DA:161,0
DA:164,0
DA:169,0
DA:171,0
DA:172,0
DA:173,0
DA:174,0
DA:181,0
DA:183,0
DA:184,0
DA:185,0
DA:186,0
DA:187,0
DA:189,0
DA:191,0
DA:192,0
DA:195,0
DA:196,0
DA:197,0
DA:198,0
DA:199,0
DA:200,0
LF:84
LH:0
end_of_record
SF:lib\core\widgets\my_text_form_field.dart
DA:12,3
DA:23,3
DA:25,3
DA:27,3
DA:28,3
DA:29,3
DA:30,9
DA:31,6
DA:33,3
DA:34,3
DA:35,9
DA:36,9
DA:38,12
DA:39,3
DA:41,6
DA:42,6
DA:44,3
DA:45,3
DA:46,3
DA:47,3
DA:51,3
DA:52,3
DA:53,3
DA:54,6
DA:58,3
DA:59,3
DA:60,3
DA:61,6
DA:65,3
DA:66,3
DA:67,3
DA:68,6
DA:73,3
DA:74,3
DA:75,0
DA:76,0
DA:77,0
LF:37
LH:34
end_of_record
SF:lib\features\auth\data\models\auth_api_model.dart
DA:14,0
DA:23,0
DA:27,0
DA:28,0
DA:29,0
DA:30,0
DA:31,0
DA:33,0
DA:41,0
DA:42,0
DA:44,0
DA:45,0
DA:46,0
DA:48,0
DA:49,0
DA:51,0
DA:52,0
DA:53,0
DA:57,0
DA:66,0
DA:68,0
DA:71,0
DA:72,0
DA:73,0
DA:74,0
DA:75,0
DA:76,0
DA:77,0
DA:81,0
DA:82,0
DA:83,0
DA:84,0
DA:86,0
DA:87,0
DA:90,0
DA:96,0
DA:97,0
DA:98,0
DA:99,0
DA:101,0
DA:102,0
DA:103,0
DA:104,0
DA:110,0
DA:113,0
DA:117,0
DA:118,0
DA:119,0
DA:121,0
DA:127,0
DA:137,0
DA:138,0
DA:139,0
DA:140,0
DA:141,0
DA:142,0
DA:143,0
DA:147,0
DA:155,0
DA:156,0
DA:157,0
DA:158,0
DA:159,0
DA:160,0
DA:161,0
LF:65
LH:0
end_of_record
SF:lib\features\auth\data\models\consumer_api_model.dart
DA:17,0
DA:30,0
DA:34,0
DA:35,0
DA:36,0
DA:37,0
DA:38,0
DA:39,0
DA:40,0
DA:41,0
DA:42,0
DA:43,0
DA:44,0
DA:48,0
DA:49,0
DA:50,0
DA:53,0
DA:54,0
DA:55,0
DA:56,0
DA:57,0
DA:58,0
DA:59,0
DA:63,0
DA:64,0
DA:65,0
DA:66,0
DA:67,0
DA:68,0
DA:69,0
DA:70,0
DA:71,0
DA:72,0
DA:73,0
DA:74,0
DA:79,0
DA:80,0
DA:81,0
DA:82,0
DA:84,0
DA:85,0
DA:86,0
DA:87,0
DA:88,0
DA:89,0
DA:90,0
DA:91,0
DA:92,0
DA:96,0
DA:97,0
DA:98,0
DA:99,0
DA:100,0
DA:101,0
DA:102,0
DA:103,0
DA:104,0
DA:105,0
LF:58
LH:0
end_of_record
SF:lib\features\auth\data\datasources\local\auth_local_datasource.dart
DA:12,8
DA:13,4
DA:14,4
DA:15,2
DA:25,2
DA:32,0
DA:34,0
DA:36,0
DA:37,0
DA:38,0
DA:39,0
DA:45,0
DA:48,0
DA:50,0
DA:51,0
DA:52,0
DA:53,0
DA:54,0
DA:64,0
DA:67,0
DA:73,0
DA:76,0
DA:82,0
DA:85,0
DA:88,0
DA:89,0
DA:90,0
DA:91,0
DA:101,0
DA:104,0
DA:106,0
DA:107,0
DA:109,0
DA:110,0
DA:112,0
DA:113,0
DA:115,0
DA:116,0
DA:126,0
DA:129,0
DA:130,0
DA:136,0
DA:139,0
DA:140,0
DA:141,0
DA:148,0
DA:151,0
DA:152,0
DA:154,0
DA:162,0
DA:164,0
DA:167,0
DA:169,0
DA:172,0
DA:174,0
DA:177,0
DA:179,0
DA:183,0
DA:185,0
DA:188,0
DA:190,0
DA:193,0
DA:195,0
DA:198,0
DA:200,0
LF:65
LH:5
end_of_record
SF:lib\features\auth\data\datasources\remote\auth_remote_datasource.dart
DA:13,8
DA:14,2
DA:15,4
DA:16,4
DA:24,2
DA:29,2
DA:32,2
DA:33,10
DA:34,0
DA:37,0
DA:39,0
DA:40,0
DA:42,0
DA:44,0
DA:45,0
DA:47,0
DA:49,0
DA:50,0
DA:55,0
DA:57,0
DA:59,0
DA:65,0
DA:66,0
DA:67,0
DA:71,0
DA:77,0
DA:78,0
DA:79,0
DA:80,0
DA:81,0
DA:85,0
DA:92,0
DA:94,0
DA:95,0
DA:97,0
DA:98,0
DA:101,0
DA:104,0
DA:107,0
DA:109,0
DA:110,0
DA:111,0
DA:112,0
DA:114,0
DA:117,0
DA:119,0
DA:120,0
DA:122,0
DA:123,0
DA:124,0
DA:125,0
DA:127,0
DA:130,0
DA:132,0
DA:133,0
DA:134,0
DA:135,0
DA:140,0
DA:142,0
DA:143,0
DA:144,0
DA:145,0
DA:150,0
DA:152,0
DA:153,0
DA:156,0
DA:158,0
DA:159,0
DA:162,0
DA:164,0
DA:165,0
DA:169,0
DA:171,0
DA:175,0
DA:177,0
DA:181,0
DA:183,0
DA:184,0
DA:185,0
DA:186,0
DA:191,0
DA:193,0
DA:194,0
DA:195,0
DA:196,0
DA:198,0
LF:86
LH:8
end_of_record
SF:lib\features\auth\domain\entities\auth_entity.dart
DA:15,0
DA:24,0
DA:32,0
DA:33,0
DA:34,0
DA:35,0
DA:36,0
DA:37,0
DA:38,0
DA:42,0
DA:44,0
LF:11
LH:0
end_of_record
SF:lib\features\auth\domain\entities\consumer_entity.dart
DA:13,0
DA:24,0
DA:34,0
DA:35,0
DA:36,0
DA:37,0
DA:38,0
DA:39,0
DA:40,0
DA:41,0
DA:42,0
DA:46,0
DA:48,0
LF:13
LH:0
end_of_record
SF:lib\features\auth\domain\entities\retailer_entity.dart
DA:13,0
DA:24,0
DA:26,0
LF:3
LH:0
end_of_record
SF:lib\features\auth\data\repositories\auth_repository.dart
DA:20,8
DA:21,4
DA:22,4
DA:23,4
DA:25,2
DA:37,2
DA:45,0
DA:50,0
DA:53,0
DA:54,0
DA:57,0
DA:58,0
DA:59,0
DA:62,0
DA:63,0
DA:64,0
DA:65,0
DA:66,0
DA:70,0
DA:74,0
DA:75,0
DA:83,0
DA:84,0
DA:86,0
DA:87,0
DA:89,0
DA:91,0
DA:92,0
DA:94,0
DA:96,0
DA:102,0
DA:107,0
DA:109,0
DA:111,0
DA:114,0
DA:115,0
DA:116,0
DA:117,0
DA:118,0
DA:122,0
DA:126,0
DA:128,0
DA:134,0
DA:140,0
DA:143,0
DA:145,0
DA:149,0
DA:154,0
DA:157,0
DA:158,0
DA:160,0
DA:165,0
DA:168,0
DA:173,0
DA:177,0
DA:182,0
DA:185,0
DA:190,0
DA:194,0
DA:199,0
DA:204,0
DA:206,0
DA:207,0
DA:210,0
DA:211,0
DA:212,0
DA:213,0
DA:214,0
DA:215,0
DA:216,0
DA:220,0
DA:224,0
DA:225,0
DA:227,0
DA:229,0
DA:231,0
DA:233,0
DA:239,0
DA:241,0
DA:243,0
DA:244,0
DA:245,0
DA:246,0
DA:247,0
DA:248,0
DA:249,0
DA:253,0
DA:257,0
DA:258,0
DA:260,0
DA:266,0
DA:268,0
DA:270,0
DA:271,0
DA:272,0
DA:273,0
DA:274,0
DA:275,0
DA:276,0
DA:280,0
DA:284,0
DA:285,0
DA:287,0
LF:103
LH:6
end_of_record
SF:lib\features\auth\domain\usecases\get_current_user_usecase.dart
DA:11,2
DA:13,0
DA:15,0
DA:19,8
DA:20,6
LF:5
LH:3
end_of_record
SF:lib\features\auth\domain\usecases\get_user_by_email_usecase.dart
DA:12,2
DA:14,0
DA:16,0
DA:20,8
DA:21,6
LF:5
LH:3
end_of_record
SF:lib\features\auth\domain\usecases\get_user_by_id_usecase.dart
DA:11,2
DA:13,0
DA:15,0
DA:19,8
DA:20,6
LF:5
LH:3
end_of_record
SF:lib\features\auth\domain\usecases\login_usecase.dart
DA:13,0
DA:18,0
DA:22,0
DA:23,0
DA:24,0
DA:28,0
DA:29,0
DA:35,2
DA:37,0
DA:39,0
DA:43,8
DA:44,6
LF:12
LH:3
end_of_record
SF:lib\features\auth\domain\usecases\logout_user_usecase.dart
DA:10,2
DA:12,0
DA:14,0
DA:18,8
DA:19,6
LF:5
LH:3
end_of_record
SF:lib\features\auth\domain\usecases\register_user_usecase.dart
DA:13,0
DA:18,2
DA:20,0
DA:22,0
DA:26,8
DA:27,6
LF:6
LH:3
end_of_record
SF:lib\features\auth\presentation\view_model\auth_viewmodel.dart
DA:13,6
DA:26,2
DA:28,8
DA:29,8
DA:30,8
DA:31,8
DA:32,8
DA:33,8
DA:38,0
DA:42,0
DA:44,0
DA:45,0
DA:51,0
DA:52,0
DA:54,0
DA:56,0
DA:60,0
DA:61,0
DA:63,0
DA:64,0
DA:67,0
DA:68,0
DA:70,0
DA:72,0
DA:73,0
DA:78,0
DA:79,0
DA:81,0
DA:83,0
DA:84,0
DA:86,0
DA:88,0
DA:96,0
DA:97,0
DA:99,0
DA:101,0
DA:102,0
DA:104,0
DA:106,0
DA:107,0
DA:112,0
DA:113,0
DA:115,0
DA:117,0
DA:118,0
DA:120,0
DA:122,0
DA:123,0
DA:128,0
DA:129,0
DA:131,0
DA:133,0
DA:134,0
DA:136,0
DA:138,0
DA:139,0
DA:144,0
DA:145,0
LF:58
LH:8
end_of_record
SF:lib\features\auth\presentation\state\auth_state.dart
DA:20,3
DA:27,0
DA:34,0
DA:35,0
DA:36,0
DA:37,0
DA:41,0
DA:42,0
DA:44,0
DA:46,0
LF:10
LH:1
end_of_record
SF:lib\features\retailer\dashboard\presentation\dashboard_screen.dart
DA:4,3
DA:6,0
DA:7,0
DA:22,0
DA:24,0
DA:26,0
DA:27,0
DA:28,0
DA:29,0
DA:31,0
DA:32,0
DA:34,0
DA:35,0
DA:36,0
DA:37,0
DA:61,0
DA:62,0
DA:63,0
DA:64,0
DA:68,0
LF:20
LH:1
end_of_record
SF:lib\features\consumer\onBoarding\presentation\onboarding\interests_onboarding_screen.dart
DA:7,3
DA:9,0
DA:10,0
DA:28,0
DA:29,0
DA:30,0
DA:31,0
DA:33,0
DA:38,0
DA:40,0
DA:42,0
DA:43,0
DA:44,0
DA:45,0
DA:47,0
DA:48,0
DA:49,0
DA:50,0
DA:52,0
DA:53,0
DA:55,0
DA:57,0
DA:61,0
DA:63,0
DA:64,0
DA:68,0
DA:69,0
DA:77,0
DA:78,0
DA:79,0
DA:80,0
DA:81,0
DA:83,0
DA:84,0
DA:85,0
DA:89,0
DA:90,0
DA:91,0
DA:93,0
DA:94,0
DA:98,0
DA:99,0
DA:101,0
DA:103,0
DA:104,0
DA:105,0
DA:111,0
DA:112,0
DA:113,0
DA:116,0
DA:117,0
DA:130,0
DA:133,0
DA:134,0
DA:135,0
DA:137,0
DA:138,0
LF:57
LH:1
end_of_record
SF:lib\features\onboarding\presentation\pages\welcome_screen.dart
DA:9,3
DA:11,0
DA:12,0
DA:16,0
DA:18,0
DA:20,0
DA:21,0
DA:22,0
DA:23,0
DA:24,0
DA:25,0
DA:26,0
DA:30,0
DA:32,0
DA:35,0
DA:43,0
DA:45,0
DA:47,0
DA:55,0
DA:56,0
DA:58,0
DA:59,0
DA:60,0
DA:62,0
DA:63,0
DA:74,0
DA:75,0
DA:77,0
DA:78,0
DA:79,0
DA:81,0
DA:82,0
DA:93,0
DA:94,0
DA:95,0
DA:97,0
DA:98,0
DA:102,0
DA:103,0
DA:105,0
DA:107,0
DA:109,0
DA:110,0
DA:112,0
DA:115,0
LF:45
LH:1
end_of_record
SF:lib\features\auth\presentation\pages\register_consumer_screen.dart
DA:19,6
DA:21,1
DA:23,1
DA:64,1
DA:66,2
DA:67,2
DA:68,2
DA:69,2
DA:70,2
DA:71,2
DA:72,2
DA:73,2
DA:74,1
DA:77,0
DA:78,0
DA:79,0
DA:80,0
DA:81,0
DA:83,0
DA:84,0
DA:85,0
DA:86,0
DA:91,0
DA:92,0
DA:93,0
DA:94,0
DA:95,0
DA:96,0
DA:97,0
DA:104,0
DA:105,0
DA:106,0
DA:107,0
DA:108,0
DA:109,0
DA:111,0
DA:115,0
DA:116,0
DA:118,0
DA:119,0
DA:121,0
DA:122,0
DA:123,0
DA:130,0
DA:131,0
DA:132,0
DA:139,0
DA:141,0
DA:150,0
DA:152,0
DA:153,0
DA:154,0
DA:155,0
DA:156,0
DA:157,0
DA:162,0
DA:163,0
DA:164,0
DA:166,0
DA:168,0
DA:169,0
DA:170,0
DA:173,1
DA:175,3
DA:177,3
DA:178,0
DA:179,0
DA:181,0
DA:184,0
DA:185,0
DA:187,0
DA:192,1
DA:194,1
DA:195,1
DA:196,1
DA:198,1
DA:199,1
DA:200,1
DA:208,1
DA:209,1
DA:210,1
DA:211,1
DA:212,1
DA:213,1
DA:216,0
DA:217,0
DA:222,1
DA:223,1
DA:226,0
DA:227,0
DA:228,0
DA:229,0
DA:230,0
DA:237,1
DA:238,1
DA:239,1
DA:240,1
DA:241,1
DA:244,0
DA:245,0
DA:254,1
DA:255,1
DA:258,0
DA:259,0
DA:264,1
DA:265,1
DA:271,1
DA:272,1
DA:273,1
DA:274,1
DA:276,1
DA:277,0
DA:278,0
DA:284,1
DA:286,1
DA:287,0
DA:288,0
DA:294,1
DA:296,1
DA:297,0
DA:298,0
DA:310,1
DA:313,1
DA:314,1
DA:315,0
DA:316,0
DA:317,0
DA:318,0
DA:321,0
DA:326,1
DA:327,1
DA:330,1
DA:331,0
DA:332,1
DA:333,1
DA:334,1
DA:339,0
DA:340,0
DA:343,0
DA:344,0
DA:346,0
DA:352,1
DA:353,1
DA:356,1
DA:357,0
DA:358,1
DA:359,1
DA:360,1
DA:365,0
DA:366,0
DA:367,0
DA:370,0
DA:371,0
DA:373,0
DA:382,1
DA:383,4
DA:385,1
DA:386,1
DA:387,2
DA:393,1
DA:394,0
DA:396,0
DA:397,0
DA:400,1
LF:164
LH:71
end_of_record
SF:lib\features\auth\presentation\pages\register_retailer_screen.dart
DA:10,3
DA:12,1
DA:13,1
DA:43,1
DA:45,1
DA:47,1
DA:48,1
DA:49,1
DA:51,1
DA:52,1
DA:53,1
DA:64,1
DA:65,1
DA:66,1
DA:67,1
DA:68,1
DA:69,1
DA:72,0
DA:73,0
DA:74,0
DA:77,1
DA:78,1
DA:81,0
DA:82,0
DA:83,0
DA:86,1
DA:87,1
DA:90,0
DA:91,0
DA:92,0
DA:93,0
DA:100,1
DA:101,1
DA:104,0
DA:105,0
DA:106,0
DA:107,1
DA:109,0
DA:110,0
DA:112,0
DA:113,0
DA:114,0
DA:117,0
DA:118,0
DA:124,1
DA:127,1
DA:128,1
DA:129,0
DA:130,0
DA:131,0
DA:132,0
DA:135,0
DA:136,0
DA:139,1
DA:140,1
DA:143,1
DA:144,0
DA:145,1
DA:146,1
DA:147,1
DA:150,0
DA:151,0
DA:152,0
DA:156,0
DA:157,0
DA:158,0
DA:163,1
DA:164,1
DA:167,1
DA:168,0
DA:169,1
DA:170,1
DA:171,1
DA:174,0
DA:175,0
DA:176,0
DA:180,0
DA:181,0
DA:182,0
DA:190,1
DA:191,4
DA:193,1
DA:194,0
DA:195,0
DA:196,0
DA:207,1
DA:208,0
DA:209,0
DA:211,0
DA:212,0
DA:216,1
LF:91
LH:44
end_of_record
SF:lib\features\consumer\dashboard\presentation\pages\dashboard_screen.dart
DA:9,3
DA:11,0
DA:12,0
DA:26,0
DA:28,0
DA:30,0
DA:31,0
DA:32,0
DA:33,0
DA:35,0
DA:36,0
DA:38,0
DA:39,0
DA:40,0
DA:41,0
DA:65,0
DA:66,0
DA:67,0
DA:68,0
DA:72,0
LF:20
LH:1
end_of_record
SF:lib\features\consumer\profile\presentation\pages\profile_screen.dart
DA:18,3
DA:20,0
DA:21,0
DA:29,0
DA:31,0
DA:32,0
DA:36,0
DA:37,0
DA:38,0
DA:39,0
DA:44,0
DA:45,0
DA:48,0
DA:51,0
DA:52,0
DA:54,0
DA:57,0
DA:59,0
DA:62,0
DA:65,0
DA:66,0
DA:67,0
DA:70,0
DA:71,0
DA:72,0
DA:73,0
DA:74,0
DA:77,0
DA:78,0
DA:79,0
DA:85,0
DA:87,0
DA:89,0
DA:92,0
DA:93,0
DA:102,0
DA:104,0
DA:105,0
DA:112,0
DA:113,0
DA:114,0
DA:115,0
DA:116,0
DA:124,0
DA:125,0
DA:127,0
DA:128,0
DA:129,0
DA:130,0
DA:132,0
DA:133,0
DA:136,0
DA:138,0
DA:141,0
DA:150,0
DA:160,0
DA:163,0
DA:164,0
DA:182,0
DA:184,0
DA:187,0
DA:188,0
DA:197,0
DA:199,0
DA:200,0
DA:207,0
DA:208,0
DA:209,0
DA:210,0
DA:211,0
DA:219,0
DA:221,0
DA:223,0
DA:226,0
DA:228,0
DA:229,0
DA:230,0
DA:235,0
DA:237,0
DA:243,0
DA:244,0
DA:245,0
DA:246,0
DA:247,0
DA:249,0
DA:250,0
DA:252,0
DA:253,0
DA:262,0
DA:263,0
DA:264,0
DA:265,0
DA:266,0
DA:268,0
DA:271,0
DA:272,0
DA:281,0
DA:283,0
DA:284,0
DA:285,0
DA:286,0
DA:287,0
DA:290,0
DA:291,0
DA:292,0
DA:294,0
DA:297,0
DA:299,0
DA:302,0
DA:304,0
DA:305,0
DA:308,0
DA:320,0
DA:321,0
DA:322,0
DA:324,0
DA:325,0
DA:327,0
DA:328,0
DA:331,0
DA:332,0
DA:333,0
DA:334,0
DA:335,0
DA:340,0
DA:341,0
DA:342,0
DA:347,0
DA:348,0
DA:349,0
LF:130
LH:1
end_of_record
SF:lib\features\consumer\dashboard\presentation\pages\dashboard_screens\add_review_screen.dart
DA:7,3
DA:9,0
DA:10,0
DA:30,0
DA:31,0
DA:32,0
DA:33,0
DA:35,0
DA:40,0
DA:41,0
DA:42,0
DA:43,0
DA:48,0
DA:49,0
DA:50,0
DA:51,0
DA:52,0
DA:56,0
DA:58,0
DA:60,0
DA:61,0
DA:62,0
DA:64,0
DA:65,0
DA:67,0
DA:68,0
DA:70,0
DA:71,0
DA:72,0
DA:74,0
DA:75,0
DA:76,0
DA:79,0
DA:83,0
DA:84,0
DA:87,0
DA:91,0
DA:93,0
DA:95,0
DA:99,0
DA:100,0
DA:103,0
DA:104,0
DA:105,0
DA:106,0
DA:108,0
DA:109,0
DA:112,0
DA:119,0
DA:121,0
DA:123,0
DA:128,0
DA:131,0
DA:138,0
DA:139,0
DA:140,0
DA:141,0
DA:143,0
DA:144,0
DA:145,0
DA:148,0
DA:149,0
DA:150,0
DA:152,0
DA:153,0
DA:157,0
DA:158,0
DA:160,0
DA:162,0
DA:163,0
DA:164,0
DA:170,0
DA:171,0
DA:172,0
DA:174,0
DA:175,0
DA:186,0
DA:189,0
DA:190,0
LF:79
LH:1
end_of_record
SF:lib\features\consumer\dashboard\presentation\pages\dashboard_screens\collections_screen.dart
DA:4,3
DA:6,0
LF:2
LH:1
end_of_record
SF:lib\features\consumer\dashboard\presentation\pages\dashboard_screens\consumer_home_screen.dart
DA:8,3
DA:10,0
DA:12,0
DA:15,0
DA:16,0
DA:21,0
DA:22,0
DA:23,0
DA:36,0
DA:37,0
DA:38,0
DA:39,0
DA:40,0
DA:41,0
DA:44,0
DA:45,0
DA:46,0
DA:48,0
DA:50,0
DA:52,0
DA:53,0
DA:54,0
DA:55,0
DA:58,0
DA:60,0
DA:61,0
DA:62,0
DA:63,0
DA:64,0
DA:65,0
DA:66,0
DA:68,0
DA:69,0
DA:79,0
DA:81,0
DA:84,0
DA:85,0
DA:86,0
DA:87,0
DA:88,0
DA:90,0
DA:91,0
DA:92,0
DA:98,0
DA:102,0
DA:103,0
DA:104,0
DA:105,0
DA:107,0
DA:108,0
DA:109,0
DA:110,0
DA:113,0
DA:115,0
DA:116,0
DA:128,0
DA:132,0
DA:133,0
DA:134,0
DA:139,0
DA:140,0
DA:142,0
DA:143,0
DA:144,0
DA:145,0
DA:146,0
DA:147,0
DA:148,0
DA:149,0
DA:152,0
DA:153,0
DA:154,0
LF:72
LH:1
end_of_record
SF:lib\features\consumer\dashboard\presentation\pages\dashboard_screens\explore_screen.dart
DA:6,0
DA:7,0
DA:15,0
DA:16,0
DA:17,0
DA:23,0
DA:31,0
DA:32,0
DA:33,0
DA:41,0
DA:42,0
DA:50,0
DA:51,0
DA:52,0
DA:58,0
DA:66,0
DA:67,0
DA:79,0
DA:81,0
DA:83,0
DA:85,0
DA:87,0
DA:89,0
DA:91,0
DA:92,0
DA:93,0
DA:97,0
DA:98,0
DA:101,0
DA:102,0
DA:103,0
DA:104,0
DA:108,0
DA:109,0
DA:114,0
DA:115,0
DA:116,0
DA:118,0
DA:119,0
DA:120,0
DA:121,0
DA:122,0
DA:126,0
DA:130,0
DA:131,0
DA:134,0
DA:135,0
DA:138,0
DA:139,0
DA:151,3
DA:153,0
DA:154,0
DA:162,0
DA:164,0
DA:165,0
DA:168,0
DA:170,0
DA:171,0
DA:173,0
DA:174,0
DA:181,0
DA:182,0
DA:184,0
DA:186,0
DA:192,0
DA:195,0
DA:196,0
DA:197,0
DA:198,0
DA:200,0
DA:202,0
DA:203,0
DA:204,0
DA:207,0
DA:209,0
DA:210,0
DA:211,0
LF:77
LH:1
end_of_record
SF:lib\features\notification\presentation\pages\notifications_screen.dart
DA:5,3
DA:7,0
DA:9,0
DA:10,0
LF:4
LH:1
end_of_record
SF:lib\features\products\product_model.dart
DA:13,0
LF:1
LH:0
end_of_record
SF:lib\features\sentiments\sentiment_model.dart
DA:5,0
DA:6,0
DA:7,0
DA:8,0
DA:10,0
DA:11,0
DA:13,0
DA:14,0
DA:16,0
DA:17,0
DA:19,0
DA:20,0
DA:23,0
LF:13
LH:0
end_of_record
SF:lib\features\consumer\onBoarding\presentation\onboarding\emotions_onboarding_screen.dart
DA:7,3
DA:9,0
DA:11,0
DA:25,0
DA:26,0
DA:27,0
DA:28,0
DA:30,0
DA:35,0
DA:37,0
DA:39,0
DA:40,0
DA:41,0
DA:42,0
DA:44,0
DA:45,0
DA:46,0
DA:47,0
DA:49,0
DA:50,0
DA:52,0
DA:54,0
DA:58,0
DA:60,0
DA:61,0
DA:65,0
DA:66,0
DA:74,0
DA:75,0
DA:76,0
DA:77,0
DA:78,0
DA:79,0
DA:80,0
DA:84,0
DA:85,0
DA:86,0
DA:90,0
DA:91,0
DA:92,0
DA:94,0
DA:95,0
DA:99,0
DA:100,0
DA:102,0
DA:104,0
DA:105,0
DA:112,0
DA:114,0
DA:117,0
DA:118,0
DA:122,0
DA:124,0
DA:125,0
DA:126,0
DA:127,0
DA:129,0
DA:144,0
DA:147,0
DA:148,0
DA:149,0
DA:151,0
DA:152,0
LF:63
LH:1
end_of_record
SF:lib\features\consumer\onBoarding\presentation\onboarding\follower_onboarding_screen.dart
DA:8,3
DA:10,0
DA:11,0
DA:35,0
DA:36,0
DA:37,0
DA:38,0
DA:40,0
DA:45,0
DA:46,0
DA:47,0
DA:48,0
DA:49,0
DA:54,0
DA:55,0
DA:58,0
DA:60,0
DA:62,0
DA:63,0
DA:64,0
DA:65,0
DA:67,0
DA:68,0
DA:69,0
DA:70,0
DA:72,0
DA:73,0
DA:75,0
DA:77,0
DA:81,0
DA:83,0
DA:84,0
DA:88,0
DA:89,0
DA:90,0
DA:91,0
DA:92,0
DA:93,0
DA:95,0
DA:96,0
DA:97,0
DA:98,0
DA:99,0
DA:100,0
DA:102,0
DA:103,0
DA:111,0
DA:112,0
DA:113,0
DA:114,0
DA:115,0
DA:120,0
DA:121,0
DA:122,0
LF:54
LH:1
end_of_record
SF:lib\features\consumer\onBoarding\presentation\onboarding\ready_onboarding_screen.dart
DA:6,3
DA:8,0
DA:10,0
DA:12,0
DA:13,0
DA:14,0
DA:15,0
DA:16,0
DA:18,0
DA:20,0
DA:21,0
DA:24,0
DA:27,0
DA:30,0
DA:32,0
DA:36,0
DA:39,0
DA:40,0
DA:46,0
DA:47,0
DA:48,0
DA:49,0
DA:50,0
DA:55,0
DA:56,0
DA:57,0
DA:58,0
DA:60,0
DA:61,0
LF:29
LH:1
end_of_record
SF:lib\features\consumer\profile\data\repositories\profile_repository.dart
DA:17,0
DA:19,0
DA:21,0
DA:22,0
DA:26,0
DA:27,0
DA:28,0
DA:31,0
DA:32,0
DA:33,0
DA:34,0
DA:35,0
DA:36,0
DA:37,0
DA:38,0
DA:39,0
DA:43,0
DA:45,0
DA:46,0
DA:47,0
DA:48,0
DA:49,0
DA:50,0
DA:51,0
DA:52,0
DA:53,0
DA:55,0
DA:58,0
DA:60,0
DA:63,0
DA:64,0
DA:65,0
DA:66,0
DA:67,0
DA:68,0
DA:69,0
DA:70,0
DA:71,0
DA:72,0
DA:76,0
DA:78,0
DA:79,0
DA:80,0
DA:84,0
DA:85,0
DA:86,0
DA:88,0
DA:89,0
DA:90,0
DA:97,0
DA:103,0
DA:104,0
DA:106,0
DA:107,0
DA:111,0
DA:116,0
DA:118,0
DA:119,0
DA:121,0
DA:125,0
DA:126,0
DA:127,0
DA:130,0
DA:131,0
DA:132,0
DA:133,0
DA:134,0
DA:135,0
DA:136,0
DA:137,0
DA:138,0
DA:144,0
DA:145,0
DA:146,0
LF:74
LH:0
end_of_record
SF:lib\features\consumer\profile\domain\usecases\get_consumer_usecase.dart
DA:9,0
DA:11,0
DA:14,0
DA:15,0
LF:4
LH:0
end_of_record
SF:lib\features\consumer\profile\domain\usecases\update_consumer_usecase.dart
DA:10,0
DA:12,0
DA:13,0
DA:18,0
DA:19,0
DA:20,0
LF:6
LH:0
end_of_record
SF:lib\features\consumer\profile\domain\usecases\upload_profile_picture_usecase.dart
DA:12,0
DA:17,0
DA:18,0
DA:19,0
DA:22,0
DA:25,0
DA:27,0
DA:32,0
DA:33,0
DA:34,0
DA:35,0
DA:36,0
LF:12
LH:0
end_of_record
SF:lib\features\consumer\profile\presentation\widgets\edit_profile.dart
DA:8,0
DA:12,0
DA:14,0
DA:15,0
DA:24,0
DA:26,0
DA:27,0
DA:28,0
DA:31,0
DA:33,0
DA:34,0
DA:35,0
DA:37,0
DA:38,0
DA:42,0
DA:44,0
DA:45,0
DA:46,0
DA:49,0
DA:50,0
DA:51,0
DA:53,0
DA:56,0
DA:57,0
DA:58,0
DA:60,0
DA:63,0
DA:64,0
DA:69,0
DA:70,0
DA:74,0
DA:76,0
DA:78,0
DA:79,0
DA:81,0
DA:82,0
DA:83,0
DA:84,0
DA:85,0
DA:87,0
DA:89,0
DA:93,0
DA:94,0
DA:96,0
DA:101,0
DA:102,0
DA:104,0
DA:109,0
DA:111,0
DA:112,0
DA:113,0
LF:51
LH:0
end_of_record
SF:lib\features\consumer\profile\presentation\widgets\profile_part.dart
DA:10,0
DA:11,0
DA:12,0
DA:15,0
DA:20,0
DA:23,0
DA:24,0
DA:26,0
DA:30,0
DA:32,0
DA:33,0
DA:34,0
DA:35,0
DA:37,0
DA:38,0
DA:40,0
DA:42,0
DA:45,0
DA:46,0
DA:47,0
DA:48,0
DA:50,0
DA:51,0
DA:53,0
DA:54,0
DA:55,0
DA:69,0
DA:70,0
DA:72,0
DA:73,0
LF:30
LH:0
end_of_record
